0 info it worked if it ends with ok
1 verbose cli [ 'C:\\Program Files\\nodejs\\node.exe',
1 verbose cli   'C:\\Program Files\\nodejs\\node_modules\\npm\\bin\\npm-cli.js',
1 verbose cli   '--registry',
1 verbose cli   'https://registry.npm.taobao.org',
1 verbose cli   'install',
1 verbose cli   'bootstrap-treeview' ]
2 info using npm@3.3.6
3 info using node@v5.0.0
4 silly loadCurrentTree Starting
5 silly install loadCurrentTree
6 silly install readLocalPackageData
7 silly fetchPackageMetaData bootstrap-treeview
8 silly fetchNamedPackageData bootstrap-treeview
9 silly mapToRegistry name bootstrap-treeview
10 silly mapToRegistry using default registry
11 silly mapToRegistry registry https://registry.npm.taobao.org/
12 silly mapToRegistry uri https://registry.npm.taobao.org/bootstrap-treeview
13 verbose request uri https://registry.npm.taobao.org/bootstrap-treeview
14 verbose request no auth needed
15 info attempt registry request try #1 at 17:42:24
16 verbose request id 788e69a7cbcb55d4
17 http request GET https://registry.npm.taobao.org/bootstrap-treeview
18 info retry will retry, error on last attempt: Error: self signed certificate
19 info attempt registry request try #2 at 17:42:34
20 http request GET https://registry.npm.taobao.org/bootstrap-treeview
21 info retry will retry, error on last attempt: Error: self signed certificate
22 info attempt registry request try #3 at 17:43:35
23 http request GET https://registry.npm.taobao.org/bootstrap-treeview
24 silly get cb [ 304, undefined ]
25 silly fetchPackageMetaData Error: failed to fetch from registry: https://registry.npm.taobao.org/bootstrap-treeview
25 silly fetchPackageMetaData     at C:\Users\zhute\AppData\Roaming\nvm\v5.0.0\node_modules\npm\lib\cache\caching-client.js:158:27
25 silly fetchPackageMetaData     at C:\Users\zhute\AppData\Roaming\nvm\v5.0.0\node_modules\npm\lib\cache\caching-client.js:53:8
25 silly fetchPackageMetaData     at f (C:\Users\zhute\AppData\Roaming\nvm\v5.0.0\node_modules\npm\node_modules\once\once.js:17:25)
25 silly fetchPackageMetaData     at C:\Users\zhute\AppData\Roaming\nvm\v5.0.0\node_modules\npm\node_modules\npm-registry-client\lib\request.js:89:10
25 silly fetchPackageMetaData     at f (C:\Users\zhute\AppData\Roaming\nvm\v5.0.0\node_modules\npm\node_modules\once\once.js:17:25)
25 silly fetchPackageMetaData     at CachingRegistryClient.<anonymous> (C:\Users\zhute\AppData\Roaming\nvm\v5.0.0\node_modules\npm\node_modules\npm-registry-client\lib\request.js:186:20)
25 silly fetchPackageMetaData     at Request._callback (C:\Users\zhute\AppData\Roaming\nvm\v5.0.0\node_modules\npm\node_modules\npm-registry-client\lib\request.js:163:20)
25 silly fetchPackageMetaData     at self.callback (C:\Users\zhute\AppData\Roaming\nvm\v5.0.0\node_modules\npm\node_modules\request\request.js:198:22)
25 silly fetchPackageMetaData     at emitOne (events.js:82:20)
25 silly fetchPackageMetaData     at Request.emit (events.js:169:7)
25 silly fetchPackageMetaData  error for bootstrap-treeview [Error: failed to fetch from registry: https://registry.npm.taobao.org/bootstrap-treeview]
26 silly rollbackFailedOptional Starting
27 silly rollbackFailedOptional Finishing
28 silly runTopLevelLifecycles Starting
29 silly runTopLevelLifecycles Finishing
30 silly install printInstalled
31 verbose stack Error: failed to fetch from registry: https://registry.npm.taobao.org/bootstrap-treeview
31 verbose stack     at C:\Users\zhute\AppData\Roaming\nvm\v5.0.0\node_modules\npm\lib\cache\caching-client.js:158:27
31 verbose stack     at C:\Users\zhute\AppData\Roaming\nvm\v5.0.0\node_modules\npm\lib\cache\caching-client.js:53:8
31 verbose stack     at f (C:\Users\zhute\AppData\Roaming\nvm\v5.0.0\node_modules\npm\node_modules\once\once.js:17:25)
31 verbose stack     at C:\Users\zhute\AppData\Roaming\nvm\v5.0.0\node_modules\npm\node_modules\npm-registry-client\lib\request.js:89:10
31 verbose stack     at f (C:\Users\zhute\AppData\Roaming\nvm\v5.0.0\node_modules\npm\node_modules\once\once.js:17:25)
31 verbose stack     at CachingRegistryClient.<anonymous> (C:\Users\zhute\AppData\Roaming\nvm\v5.0.0\node_modules\npm\node_modules\npm-registry-client\lib\request.js:186:20)
31 verbose stack     at Request._callback (C:\Users\zhute\AppData\Roaming\nvm\v5.0.0\node_modules\npm\node_modules\npm-registry-client\lib\request.js:163:20)
31 verbose stack     at self.callback (C:\Users\zhute\AppData\Roaming\nvm\v5.0.0\node_modules\npm\node_modules\request\request.js:198:22)
31 verbose stack     at emitOne (events.js:82:20)
31 verbose stack     at Request.emit (events.js:169:7)
32 verbose cwd E:\home\project\nodejs\eIUMLogViewer
33 error Windows_NT 6.1.7601
34 error argv "C:\\Program Files\\nodejs\\node.exe" "C:\\Program Files\\nodejs\\node_modules\\npm\\bin\\npm-cli.js" "--registry" "https://registry.npm.taobao.org" "install" "bootstrap-treeview"
35 error node v5.0.0
36 error npm  v3.3.6
37 error failed to fetch from registry: https://registry.npm.taobao.org/bootstrap-treeview
38 error If you need help, you may report this error at:
38 error     <https://github.com/npm/npm/issues>
39 verbose exit [ 1, true ]
